<?xml version="1.0" encoding="UTF-8"?>
<!-- Generated by org.testng.reporters.JUnitReportReporter -->
<testsuite hostname="DESKTOP-1FBR669" failures="0" tests="1" name="scripting.Testcase3" time="31.647" errors="0" timestamp="2022-12-01T12:16:57 IST" skipped="0">
  <testcase classname="scripting.Testcase3" name="tc3" time="31.647"/>
  <system-out/>
</testsuite> <!-- scripting.Testcase3 -->
