<?xml version="1.0" encoding="UTF-8"?>
<!-- Generated by org.testng.reporters.JUnitReportReporter -->
<testsuite hostname="DESKTOP-1FBR669" failures="0" tests="1" name="scripting.Testcase1" time="18.160" errors="0" timestamp="2022-11-28T11:51:10 IST" skipped="0">
  <testcase classname="scripting.Testcase1" name="tc1" time="18.160"/>
  <system-out/>
</testsuite> <!-- scripting.Testcase1 -->
